Case #1: our language is impossible to understand
Case #2: there are twenty six factorial possibilities
Case #3: so it is okay if you want to just give up
Case #4: xoggk d yl wxo vkkvgo ekso uyl wonw sywy
Case #5: xkf yto akj
Case #6: yabba dabba yabba dabba yabba dabba yabba dabba yabba dabba yabba dabba yabba dabba yabba dooooooooo
Case #7: a b c d e f g h i j k l m n o p q r s t u v y w x y z now i know my abcs
Case #8: next time wont you sing with me
Case #9: pneumonoultramicroscopicsilicovolcanoconiosis
Case #10: greetings cheese popsicle the number you have dialed is currently out of porkchops
Case #11: this is so exciting i have to go the bathroom
Case #12: in a world of direwolves and lions sometimes the rarest creature is a friend
Case #13: our code jam is like the pythagorean theorem
Case #14: there is no answer
Case #15: you better cut the pizza in four pieces because im not hungry enough to eat six
Case #16: dr zaius dr zaius dr zaius dr zaius ooooooooooooh dr zaius
Case #17: for those who speak in a tongue do not speak to other people
Case #18: nobody understands them since they are speaking mysteries in the spirit
Case #19: whoooooooooooooooooooaaaaaaaaa i know c plus plus
Case #20: right i forgot here in the states you call it a sausage in the mouth
Case #21: swift as the wind quiet as the forest steady as the mountain
Case #22: you pissed off the chicken lady
Case #23: let lips do what hands do
Case #24: by the pricking of my thumbs something wicked this way comes
Case #25: this here is gunpowder activated twenty seven caliber full auto no kickback nailthrowing mayhem
Case #26: im commander shepard and this is my favorite problem on the google code jam
Case #27: you want sell things at me boing zooom
Case #28: each of us has his own special gift and you know this was meant to be true
Case #29: and if you dont underestimate me i wont underestimate you
Case #30: an eye for an eye and a pigeon for a pigeon
