Case #1: [E, A]
Case #2: [R, I, R]
Case #3: [F, D, T]
Case #4: [Z, E, R, A]
Case #5: []
Case #6: [S, N, Q, W, S, W, S, E, A]
Case #7: [F, R, W, S, O, O, R, D]
Case #8: [F]
Case #9: [D, A, R, W, X, F, A, W, D]
Case #10: [A, P, E, F, E, R, F, W, E]
Case #11: [A, Q, W, W, C, D, E, Q, A]
Case #12: [Q, A]
Case #13: [W, Q, Q, D, K]
Case #14: [L, F, S, L, D, Q, Q, Q]
Case #15: [D, A, X, D, W, E, S, R, W]
Case #16: [R, D, T, E, T, E, E, A]
Case #17: []
Case #18: []
Case #19: [U, Q, F, R, D, D, D, S, Q]
Case #20: [R]
Case #21: [D, A, H, R, R, H, W, R]
Case #22: [R, A]
Case #23: [R, A, A, A, A, V, S, E, A]
Case #24: [D, R, Q, A]
Case #25: [Q, W, D, E, U, E, D, E, Q]
Case #26: [E, Q, J, R, W, E, R, J]
Case #27: [Q, F, F, F, S, S]
Case #28: [A, W]
Case #29: [A, W, A, R, E, N, E, S, S]
Case #30: [F, E, F]
Case #31: [W, R, D, F]
Case #32: []
Case #33: [A, A, R]
Case #34: [Q, Q, S, E, W]
Case #35: [S, R, A, D, S, R, A]
Case #36: [O, F, W, E]
Case #37: [D, J, E, J, W, W, D, Q]
Case #38: [E, R, R]
Case #39: [S, R, R, R, A, R, I, W, A]
Case #40: [P, P, P, F, D, W, D]
Case #41: []
Case #42: [F]
Case #43: [E, A, F, D, X, F, D, F, D]
Case #44: [E, Q, A, R, R, S]
Case #45: [D, E, A, F, D, E, A, R, S]
Case #46: [D, A, R, D, R, U, U, W]
Case #47: [D, E, W, D, F, R, Q, M, Q]
Case #48: [W, E, F, R, U, R, S, F, S]
Case #49: [R, R, Z, D, Q, Z, R, F]
Case #50: []
Case #51: [R, Q, A, A, R, X, A]
Case #52: [W, E, R, R, W, E, S]
Case #53: [M, A, R, M, S, R, A, W]
Case #54: [E, E, S, R, R, S, Y, S, F]
Case #55: [W, C, F, S, D, C, A, A]
Case #56: [V, A, R, A, F, A, A, D, A]
Case #57: [W, A, K, E, R, Q, A, D, W]
Case #58: [E, S]
Case #59: [E, D, D, Q, E, S, R, Q, P]
Case #60: [E, S, F, A]
Case #61: [E, Q, F, A, W, F, P, F, Q]
Case #62: [M, Q, F, D]
Case #63: [S]
Case #64: [A, R, M, A]
Case #65: [X, D]
Case #66: [E, D]
Case #67: [P, A, W]
Case #68: [S, U, S, F, D, D, S, F, W]
Case #69: [D, R, P, P, S]
Case #70: [Z, Z, Z, Z, Z]
Case #71: [D, Q, D, A, Q, Q, Q, A, G]
Case #72: [W, R, Q, N, F]
Case #73: []
Case #74: [H, Q, R, D, Q, S, R, E, S]
Case #75: [F]
Case #76: [O, E]
Case #77: [E]
Case #78: [F]
Case #79: [D, R, M]
Case #80: []
Case #81: [S, F, F, A, D, Q, Q, V, W]
Case #82: [F, S, R, L, Q, L, W, A]
Case #83: [W, W, R, W, X, E, R]
Case #84: [D, W, F, D, C, D, A, R, W]
Case #85: []
Case #86: [Q, R, M, E, R, M, D, W]
Case #87: [E, R, A, L, A, R, D, R, D]
Case #88: [Q, D, D, S, O, R, R, W, F]
Case #89: [A, A, A, A, A, A, A, A, A, A]
Case #90: [D, R, D, F, A, Y, Q, Y]
Case #91: [U, F, U, W, D, F, F, R]
Case #92: [D, A, E, A, R, W, A, W, L]
Case #93: [D, E, D, R, A, S, Y, Q, S]
Case #94: [S, A, O, D]
Case #95: [S, R]
Case #96: [R, R, H, Q, W, R, A, S, F]
Case #97: []
Case #98: [E, S, E, F, D, F, E]
Case #99: [D, F, U, R, A]
Case #100: [S, F, W, S, R, B, E, E, S]
