Case #1: [E, A]
Case #2: [R, I, R]
Case #3: [F, D, T]
Case #4: [Z, E, R, A]
Case #5: []
Case #6: [R, F]
Case #7: [A, W, F, R, S, S, K, R, F]
Case #8: [N]
Case #9: [S, S, E, E, T, S, W, F, Q]
Case #10: [I]
Case #11: [D, R, P, P, S]
Case #12: [Q, S, Q, A, E, A]
Case #13: [Q, F, I, D, S, E, F]
Case #14: [Q, R]
Case #15: []
Case #16: [E]
Case #17: [S, S, S, D, Z]
Case #18: [S, E, D, S, R]
Case #19: [Q, E, R, F, D, T, S, R, W]
Case #20: [X, X, R, Q, Q, R, Q, S]
Case #21: [A, W, A, R, E, N, E, S, S]
Case #22: [D, Q, F, F, N, E, D, R, E]
Case #23: []
Case #24: [R, D, S, Q]
Case #25: [D, Q]
Case #26: [O, A, O, F, D, R, O]
Case #27: [S, S, W, E, W, Z, S, D, E]
Case #28: [W, D, F, N, W, D]
Case #29: [S, S, Q, A]
Case #30: [H, R, S]
Case #31: []
Case #32: [T, F, Q, Q, E, A, E, S, W]
Case #33: [Q, D, D, Q, Q, W, S, N, D]
Case #34: [C, A, E, Q, F, A, E, A, R]
Case #35: [D, E, A, F, D, E, A, R, S]
Case #36: [W, D, F, D, G, W, F, A, E]
Case #37: [F, D, E, X, D, D, F, S, D]
Case #38: [R, R, V, D, R, W, S, W, S]
Case #39: [D, Q, Q, D, S]
Case #40: [Q, S, D]
Case #41: [R, J, J, Q, W, S, Q, A]
Case #42: [Q, A, S, E, A, W, V, W, A]
Case #43: [E, S, W, Q, D, Q]
Case #44: [R, Z, W, D, F, E, W, Q, W]
Case #45: [F, E, A, E, F, Q, E, Q, Z]
Case #46: [C, S, F, D, C, S, S, R]
Case #47: [S, Q, Q]
Case #48: [F, E, W]
Case #49: [O, W, S, D, Q, D, Q, F, D]
Case #50: [W, V, D, A, F, Q, F, A, D]
Case #51: [F, A, F, A, E, S, Y, A, S]
Case #52: [F]
Case #53: [Q, A, F, E, D, W]
Case #54: [S, F, Z, R, Q, E, E, R, S]
Case #55: [Q, E, A, Q, Q, T, T, A]
Case #56: [A, A, A, A, A, A, A, A, A, A]
Case #57: [Q]
Case #58: [R, D, W, Z, Q, Q, W, W, R]
Case #59: [W, N, S, Q, W, F, S, N]
Case #60: [R, Q, Z, A, E, E, F, R, A]
Case #61: [J, Q, D, D, A, D, Q, S, E]
Case #62: [R, E, E, A, E, H, E, S, Q]
Case #63: [W, F, E, R, R, S, F, F, B]
Case #64: [E, E, R, F, Q, V, Q, Q, F]
Case #65: []
Case #66: [D, D, S, S, W, S]
Case #67: [E, F, W, F, D]
Case #68: [E, D]
Case #69: [X, D, F, D, E]
Case #70: [R, S, D, Q, A, F, W, F, O]
Case #71: [T]
Case #72: [D, U, E, D, A, D, U, E]
Case #73: [W, Q, Q, F, W, C]
Case #74: [W, X, W, D, F, A]
Case #75: [H, A, W, H, S, A, E, S]
Case #76: [E, B, Q, D, R, F, S, R, R]
Case #77: [S, N, N]
Case #78: [S, W, V, S, S]
Case #79: [O, R, S, W, E, O, F, E]
Case #80: [A, R, F, R, P, W]
Case #81: []
Case #82: [Q, R, Q, Q, R, F, O, E, R]
Case #83: [A, A, S, Q, S, S, B, A, F]
Case #84: [S, R, P, P, W, Q, W, W]
Case #85: [Z, Z, Z, Z, Z]
Case #86: [A, A, S, M, A, S, R, A, Q]
Case #87: [A, S, A, F, W]
Case #88: [Q, Y, W, W, E, W]
Case #89: [D, F, Q, A, M]
Case #90: []
Case #91: [G, E, Q, S, R, F, A, Q, E]
Case #92: []
Case #93: [A, R, E, R, F]
Case #94: [E, S, S, M, Q, D, R, A, Q]
Case #95: [R, F, D, O, D]
Case #96: [A, W, S, F, W, B, F, A, F]
Case #97: []
Case #98: [Q, E, Q]
Case #99: [S, R, R, A, S, S, R, U, Q]
Case #100: []
